<?xml version="1.0" encoding="UTF-8"?>
<!-- Generated by org.testng.reporters.JUnitXMLReporter -->
<testsuite hostname="DESKTOP-M6OGDT7" ignored="1" name="Test" tests="5" failures="0" timestamp="17 Jun 2019 19:53:56 GMT" time="0.181" errors="0">
  <testcase name="FirstSelenium" time="0.027" classname="Qaclickacdemy.SeleniumTest"/>
  <testcase name="SecondSelenium" time="0.004" classname="Qaclickacdemy.SeleniumTest"/>
  <testcase name="FirstRestAPI" time="0.001" classname="Qaclickacdemy.RestAPITest"/>
  <testcase name="SecondRestAPI" time="0.003" classname="Qaclickacdemy.RestAPITest"/>
  <testcase name="SecondAppium" time="0.004" classname="Qaclickacdemy.AppiumTest"/>
  <testcase name="FirstAppium" time="0.0" classname="Qaclickacdemy.AppiumTest">
    <ignored/>
  </testcase> <!-- FirstAppium -->
</testsuite> <!-- Test -->
