<?xml version="1.0" encoding="UTF-8"?>
<!-- Generated by org.testng.reporters.JUnitXMLReporter -->
<testsuite hostname="DESKTOP-M6OGDT7" ignored="0" name="Command line test" tests="6" failures="0" timestamp="30 Jul 2019 20:32:36 GMT" time="0.138" errors="0">
  <testcase name="FirstAppium" time="0.021" classname="Qaclickacdemy.AppiumTest"/>
  <testcase name="SecondAppium" time="0.001" classname="Qaclickacdemy.AppiumTest"/>
  <testcase name="FirstRestAPI" time="0.002" classname="Qaclickacdemy.RestAPITest"/>
  <testcase name="SecondRestAPI" time="0.001" classname="Qaclickacdemy.RestAPITest"/>
  <testcase name="FirstSelenium" time="0.0" classname="Qaclickacdemy.SeleniumTest"/>
  <testcase name="SecondSelenium" time="0.003" classname="Qaclickacdemy.SeleniumTest"/>
</testsuite> <!-- Command line test -->
