<?xml version="1.0" encoding="UTF-8"?>
<testng-results skipped="0" failed="0" ignored="0" total="6" passed="6">
  <reporter-output>
  </reporter-output>
  <suite name="Command line suite" duration-ms="138" started-at="2019-07-30T20:32:35Z" finished-at="2019-07-30T20:32:35Z">
    <groups>
    </groups>
    <test name="Command line test" duration-ms="138" started-at="2019-07-30T20:32:35Z" finished-at="2019-07-30T20:32:35Z">
      <class name="Qaclickacdemy.SeleniumTest">
        <test-method status="PASS" signature="FirstSelenium()[pri:0, instance:Qaclickacdemy.SeleniumTest@7225790e]" name="FirstSelenium" duration-ms="0" started-at="2019-07-30T20:32:35Z" finished-at="2019-07-30T20:32:35Z">
          <reporter-output>
          </reporter-output>
        </test-method> <!-- FirstSelenium -->
        <test-method status="PASS" signature="SecondSelenium()[pri:0, instance:Qaclickacdemy.SeleniumTest@7225790e]" name="SecondSelenium" duration-ms="3" started-at="2019-07-30T20:32:35Z" finished-at="2019-07-30T20:32:35Z">
          <reporter-output>
          </reporter-output>
        </test-method> <!-- SecondSelenium -->
      </class> <!-- Qaclickacdemy.SeleniumTest -->
      <class name="Qaclickacdemy.RestAPITest">
        <test-method status="PASS" signature="FirstRestAPI()[pri:0, instance:Qaclickacdemy.RestAPITest@35fb3008]" name="FirstRestAPI" duration-ms="2" started-at="2019-07-30T20:32:35Z" finished-at="2019-07-30T20:32:35Z">
          <reporter-output>
          </reporter-output>
        </test-method> <!-- FirstRestAPI -->
        <test-method status="PASS" signature="SecondRestAPI()[pri:0, instance:Qaclickacdemy.RestAPITest@35fb3008]" name="SecondRestAPI" duration-ms="1" started-at="2019-07-30T20:32:35Z" finished-at="2019-07-30T20:32:35Z">
          <reporter-output>
          </reporter-output>
        </test-method> <!-- SecondRestAPI -->
      </class> <!-- Qaclickacdemy.RestAPITest -->
      <class name="Qaclickacdemy.AppiumTest">
        <test-method status="PASS" signature="FirstAppium()[pri:0, instance:Qaclickacdemy.AppiumTest@3cbbc1e0]" name="FirstAppium" duration-ms="21" started-at="2019-07-30T20:32:35Z" finished-at="2019-07-30T20:32:35Z">
          <reporter-output>
          </reporter-output>
        </test-method> <!-- FirstAppium -->
        <test-method status="PASS" signature="SecondAppium()[pri:0, instance:Qaclickacdemy.AppiumTest@3cbbc1e0]" name="SecondAppium" duration-ms="1" started-at="2019-07-30T20:32:35Z" finished-at="2019-07-30T20:32:35Z">
          <reporter-output>
          </reporter-output>
        </test-method> <!-- SecondAppium -->
      </class> <!-- Qaclickacdemy.AppiumTest -->
    </test> <!-- Command line test -->
  </suite> <!-- Command line suite -->
</testng-results>
